  문자,문자열
  문자열.cpp
C:\Users\gmltjr\Documents\GitHub\CPP-and-TCP-IP-study\multithread\문자열 작업\Chapter2\문자열\문자,문자열(2,2): error C2001: 상수에 줄 바꿈 문자가 있습니다.
C:\Users\gmltjr\Documents\GitHub\CPP-and-TCP-IP-study\multithread\문자열 작업\Chapter2\문자열\문자,문자열(1,1): error C4430: 형식 지정자가 없습니다. int로 가정합니다. 참고: C++에서는 기본 int를 지원하지 않습니다.
C:\Users\gmltjr\Documents\GitHub\CPP-and-TCP-IP-study\multithread\문자열 작업\Chapter2\문자열\문자,문자열(1,11): error C2146: 구문 오류: ';'이(가) '의도' 식별자 앞에 없습니다.
C:\Users\gmltjr\Documents\GitHub\CPP-and-TCP-IP-study\multithread\문자열 작업\Chapter2\문자열\문자,문자열(4,104): error C2001: 상수에 줄 바꿈 문자가 있습니다.
C:\Users\gmltjr\Documents\GitHub\CPP-and-TCP-IP-study\multithread\문자열 작업\Chapter2\문자열\문자,문자열(29,2): error C4430: 형식 지정자가 없습니다. int로 가정합니다. 참고: C++에서는 기본 int를 지원하지 않습니다.
C:\Users\gmltjr\Documents\GitHub\CPP-and-TCP-IP-study\multithread\문자열 작업\Chapter2\문자열\문자,문자열(29,12): error C2146: 구문 오류: ';'이(가) '앞의' 식별자 앞에 없습니다.
C:\Users\gmltjr\Documents\GitHub\CPP-and-TCP-IP-study\multithread\문자열 작업\Chapter2\문자열\문자,문자열(35,2): error C4430: 형식 지정자가 없습니다. int로 가정합니다. 참고: C++에서는 기본 int를 지원하지 않습니다.
C:\Users\gmltjr\Documents\GitHub\CPP-and-TCP-IP-study\multithread\문자열 작업\Chapter2\문자열\문자,문자열(35,9): error C2146: 구문 오류: ';'이(가) '아니라' 식별자 앞에 없습니다.
C:\Users\gmltjr\Documents\GitHub\CPP-and-TCP-IP-study\multithread\문자열 작업\Chapter2\문자열\문자,문자열(38,16): error C2143: 구문 오류: ';'이(가) '*' 앞에 없습니다.
C:\Users\gmltjr\Documents\GitHub\CPP-and-TCP-IP-study\multithread\문자열 작업\Chapter2\문자열\문자,문자열(38,11): error C4430: 형식 지정자가 없습니다. int로 가정합니다. 참고: C++에서는 기본 int를 지원하지 않습니다.
C:\Users\gmltjr\Documents\GitHub\CPP-and-TCP-IP-study\multithread\문자열 작업\Chapter2\문자열\문자,문자열(38,17): error C4430: 형식 지정자가 없습니다. int로 가정합니다. 참고: C++에서는 기본 int를 지원하지 않습니다.
C:\Users\gmltjr\Documents\GitHub\CPP-and-TCP-IP-study\multithread\문자열 작업\Chapter2\문자열\문자,문자열(39,11): error C4430: 형식 지정자가 없습니다. int로 가정합니다. 참고: C++에서는 기본 int를 지원하지 않습니다.
C:\Users\gmltjr\Documents\GitHub\CPP-and-TCP-IP-study\multithread\문자열 작업\Chapter2\문자열\문자,문자열(39,17): error C2146: 구문 오류: ';'이(가) 'CHAR' 식별자 앞에 없습니다.
C:\Users\gmltjr\Documents\GitHub\CPP-and-TCP-IP-study\multithread\문자열 작업\Chapter2\문자열\문자,문자열(39,23): error C4430: 형식 지정자가 없습니다. int로 가정합니다. 참고: C++에서는 기본 int를 지원하지 않습니다.
C:\Users\gmltjr\Documents\GitHub\CPP-and-TCP-IP-study\multithread\문자열 작업\Chapter2\문자열\문자,문자열(44,23): error C2143: 구문 오류: ';'이(가) '*' 앞에 없습니다.
C:\Users\gmltjr\Documents\GitHub\CPP-and-TCP-IP-study\multithread\문자열 작업\Chapter2\문자열\문자,문자열(44,17): error C2371: 'WCHAR': 재정의. 기본 형식이 다릅니다.
C:\Users\gmltjr\Documents\GitHub\CPP-and-TCP-IP-study\multithread\문자열 작업\Chapter2\문자열\문자,문자열(44,24): error C4430: 형식 지정자가 없습니다. int로 가정합니다. 참고: C++에서는 기본 int를 지원하지 않습니다.
C:\Users\gmltjr\Documents\GitHub\CPP-and-TCP-IP-study\multithread\문자열 작업\Chapter2\문자열\문자,문자열(46,2): error C4430: 형식 지정자가 없습니다. int로 가정합니다. 참고: C++에서는 기본 int를 지원하지 않습니다.
C:\Users\gmltjr\Documents\GitHub\CPP-and-TCP-IP-study\multithread\문자열 작업\Chapter2\문자열\문자,문자열(46,12): error C2146: 구문 오류: ';'이(가) '시' 식별자 앞에 없습니다.
C:\Users\gmltjr\Documents\GitHub\CPP-and-TCP-IP-study\multithread\문자열 작업\Chapter2\문자열\문자,문자열(52,23): error C2143: 구문 오류: ';'이(가) '*' 앞에 없습니다.
C:\Users\gmltjr\Documents\GitHub\CPP-and-TCP-IP-study\multithread\문자열 작업\Chapter2\문자열\문자,문자열(52,17): error C2371: 'WCHAR': 재정의. 기본 형식이 다릅니다.
C:\Users\gmltjr\Documents\GitHub\CPP-and-TCP-IP-study\multithread\문자열 작업\Chapter2\문자열\문자,문자열(52,24): error C4430: 형식 지정자가 없습니다. int로 가정합니다. 참고: C++에서는 기본 int를 지원하지 않습니다.
C:\Users\gmltjr\Documents\GitHub\CPP-and-TCP-IP-study\multithread\문자열 작업\Chapter2\문자열\문자,문자열(64,2): error C4430: 형식 지정자가 없습니다. int로 가정합니다. 참고: C++에서는 기본 int를 지원하지 않습니다.
C:\Users\gmltjr\Documents\GitHub\CPP-and-TCP-IP-study\multithread\문자열 작업\Chapter2\문자열\문자,문자열(64,9): error C2146: 구문 오류: ';'이(가) '자료형과' 식별자 앞에 없습니다.
C:\Users\gmltjr\Documents\GitHub\CPP-and-TCP-IP-study\multithread\문자열 작업\Chapter2\문자열\문자,문자열(81,2): error C4430: 형식 지정자가 없습니다. int로 가정합니다. 참고: C++에서는 기본 int를 지원하지 않습니다.
C:\Users\gmltjr\Documents\GitHub\CPP-and-TCP-IP-study\multithread\문자열 작업\Chapter2\문자열\문자,문자열(81,7): error C2146: 구문 오류: ';'이(가) 'WINAPI' 식별자 앞에 없습니다.
C:\Users\gmltjr\Documents\GitHub\CPP-and-TCP-IP-study\multithread\문자열 작업\Chapter2\문자열\문자,문자열(95,2): error C4430: 형식 지정자가 없습니다. int로 가정합니다. 참고: C++에서는 기본 int를 지원하지 않습니다.
C:\Users\gmltjr\Documents\GitHub\CPP-and-TCP-IP-study\multithread\문자열 작업\Chapter2\문자열\문자,문자열(95,12): error C2146: 구문 오류: ';'이(가) '끝에' 식별자 앞에 없습니다.
C:\Users\gmltjr\Documents\GitHub\CPP-and-TCP-IP-study\multithread\문자열 작업\Chapter2\문자열\문자,문자열(150,190): error C2017: 이스케이프 시퀀스가 잘못되었습니다.
C:\Users\gmltjr\Documents\GitHub\CPP-and-TCP-IP-study\multithread\문자열 작업\Chapter2\문자열\문자,문자열(160,3): error C4430: 형식 지정자가 없습니다. int로 가정합니다. 참고: C++에서는 기본 int를 지원하지 않습니다.
C:\Users\gmltjr\Documents\GitHub\CPP-and-TCP-IP-study\multithread\문자열 작업\Chapter2\문자열\문자,문자열(160,11): error C2146: 구문 오류: ';'이(가) '_tcscpy_s' 식별자 앞에 없습니다.
C:\Users\gmltjr\Documents\GitHub\CPP-and-TCP-IP-study\multithread\문자열 작업\Chapter2\문자열\문자,문자열(162,3): error C4430: 형식 지정자가 없습니다. int로 가정합니다. 참고: C++에서는 기본 int를 지원하지 않습니다.
C:\Users\gmltjr\Documents\GitHub\CPP-and-TCP-IP-study\multithread\문자열 작업\Chapter2\문자열\문자,문자열(162,9): error C2146: 구문 오류: ';'이(가) '_tcsCat' 식별자 앞에 없습니다.
C:\Users\gmltjr\Documents\GitHub\CPP-and-TCP-IP-study\multithread\문자열 작업\Chapter2\문자열\문자,문자열(163,3): error C4430: 형식 지정자가 없습니다. int로 가정합니다. 참고: C++에서는 기본 int를 지원하지 않습니다.
C:\Users\gmltjr\Documents\GitHub\CPP-and-TCP-IP-study\multithread\문자열 작업\Chapter2\문자열\문자,문자열(163,3): error C2086: 'int errno_t': 재정의
C:\Users\gmltjr\Documents\GitHub\CPP-and-TCP-IP-study\multithread\문자열 작업\Chapter2\문자열\문자,문자열(163,11): error C2146: 구문 오류: ';'이(가) '_tcscat_s' 식별자 앞에 없습니다.
C:\Users\gmltjr\Documents\GitHub\CPP-and-TCP-IP-study\multithread\문자열 작업\Chapter2\문자열\문자,문자열(165,3): error C4430: 형식 지정자가 없습니다. int로 가정합니다. 참고: C++에서는 기본 int를 지원하지 않습니다.
C:\Users\gmltjr\Documents\GitHub\CPP-and-TCP-IP-study\multithread\문자열 작업\Chapter2\문자열\문자,문자열(165,13): error C2146: 구문 오류: ';'이(가) '함수들은' 식별자 앞에 없습니다.
C:\Users\gmltjr\Documents\GitHub\CPP-and-TCP-IP-study\multithread\문자열 작업\Chapter2\문자열\문자,문자열(176,3): error C4430: 형식 지정자가 없습니다. int로 가정합니다. 참고: C++에서는 기본 int를 지원하지 않습니다.
C:\Users\gmltjr\Documents\GitHub\CPP-and-TCP-IP-study\multithread\문자열 작업\Chapter2\문자열\문자,문자열(176,14): error C2146: 구문 오류: ';'이(가) '매개변수는' 식별자 앞에 없습니다.
  코드를 생성하고 있습니다...
